c:\users\owen\desktop\assignments y3\advanced technologies\block 2 - swarm ai\directx-swarm-ai\codebase\debug\vc141.pdb
c:\users\owen\desktop\assignments y3\advanced technologies\block 2 - swarm ai\directx-swarm-ai\codebase\debug\vc141.idb
c:\users\owen\desktop\assignments y3\advanced technologies\block 2 - swarm ai\directx-swarm-ai\codebase\debug\agent.obj
c:\users\owen\desktop\assignments y3\advanced technologies\block 2 - swarm ai\directx-swarm-ai\codebase\debug\camera.obj
c:\users\owen\desktop\assignments y3\advanced technologies\block 2 - swarm ai\directx-swarm-ai\codebase\debug\colorshaderclass.obj
c:\users\owen\desktop\assignments y3\advanced technologies\block 2 - swarm ai\directx-swarm-ai\codebase\debug\d3dclass.obj
c:\users\owen\desktop\assignments y3\advanced technologies\block 2 - swarm ai\directx-swarm-ai\codebase\debug\graphics.obj
c:\users\owen\desktop\assignments y3\advanced technologies\block 2 - swarm ai\directx-swarm-ai\codebase\debug\grid.obj
c:\users\owen\desktop\assignments y3\advanced technologies\block 2 - swarm ai\directx-swarm-ai\codebase\debug\input.obj
c:\users\owen\desktop\assignments y3\advanced technologies\block 2 - swarm ai\directx-swarm-ai\codebase\debug\main.obj
c:\users\owen\desktop\assignments y3\advanced technologies\block 2 - swarm ai\directx-swarm-ai\codebase\debug\modelclass.obj
c:\users\owen\desktop\assignments y3\advanced technologies\block 2 - swarm ai\directx-swarm-ai\codebase\debug\system.obj
c:\users\owen\desktop\assignments y3\advanced technologies\block 2 - swarm ai\directx-swarm-ai\codebase\debug\triangle.obj
c:\users\owen\desktop\assignments y3\advanced technologies\block 2 - swarm ai\directx-swarm-ai\codebase\debug\swarm.obj
c:\users\owen\desktop\assignments y3\advanced technologies\block 2 - swarm ai\directx-swarm-ai\debug\codebase.exe
c:\users\owen\desktop\assignments y3\advanced technologies\block 2 - swarm ai\directx-swarm-ai\debug\codebase.ilk
c:\users\owen\desktop\assignments y3\advanced technologies\block 2 - swarm ai\directx-swarm-ai\debug\codebase.pdb
c:\users\owen\desktop\assignments y3\advanced technologies\block 2 - swarm ai\directx-swarm-ai\codebase\debug\imageclass.obj
c:\users\owen\desktop\assignments y3\advanced technologies\block 2 - swarm ai\directx-swarm-ai\codebase\debug\codebase.tlog\cl.command.1.tlog
c:\users\owen\desktop\assignments y3\advanced technologies\block 2 - swarm ai\directx-swarm-ai\codebase\debug\codebase.tlog\cl.read.1.tlog
c:\users\owen\desktop\assignments y3\advanced technologies\block 2 - swarm ai\directx-swarm-ai\codebase\debug\codebase.tlog\cl.write.1.tlog
c:\users\owen\desktop\assignments y3\advanced technologies\block 2 - swarm ai\directx-swarm-ai\codebase\debug\codebase.tlog\link.command.1.tlog
c:\users\owen\desktop\assignments y3\advanced technologies\block 2 - swarm ai\directx-swarm-ai\codebase\debug\codebase.tlog\link.read.1.tlog
c:\users\owen\desktop\assignments y3\advanced technologies\block 2 - swarm ai\directx-swarm-ai\codebase\debug\codebase.tlog\link.write.1.tlog
