  Agent.cpp
  Camera.cpp
  C:\Program Files (x86)\Windows Kits\10\Include\10.0.16299.0\um\dinput.h: DIRECTINPUT_VERSION undefined. Defaulting to version 0x0800
  CollisionGrid.cpp
  ColorShaderClass.cpp
  Fish.cpp
  Graphics.cpp
  C:\Program Files (x86)\Windows Kits\10\Include\10.0.16299.0\um\dinput.h: DIRECTINPUT_VERSION undefined. Defaulting to version 0x0800
  Grid.cpp
  ModelClass.cpp
ModelClass.cpp(176): warning C4316: 'InstanceType': object allocated on the heap may not be aligned 16
  Shoal.cpp
  Swarm.cpp
  System.cpp
  C:\Program Files (x86)\Windows Kits\10\Include\10.0.16299.0\um\dinput.h: DIRECTINPUT_VERSION undefined. Defaulting to version 0x0800
  Triangle.cpp
  main.cpp
  C:\Program Files (x86)\Windows Kits\10\Include\10.0.16299.0\um\dinput.h: DIRECTINPUT_VERSION undefined. Defaulting to version 0x0800
  Generating code
  4 of 537 functions ( 0.7%) were compiled, the rest were copied from previous compilation.
    2 functions were new in current compilation
    1 functions had inline decision re-evaluated but remain unchanged
  Finished generating code
  Codebase.vcxproj -> C:\Users\Owen\Desktop\Assignments Y3\Advanced Technologies\Block 2 - Swarm AI\DirectX-Swarm-AI\Release\Codebase.exe
