c:\users\owen\desktop\assignments y3\advanced technologies\block 2 - swarm ai\directx-swarm-ai\codebase\release\vc141.pdb
c:\users\owen\desktop\assignments y3\advanced technologies\block 2 - swarm ai\directx-swarm-ai\codebase\release\triangle.obj
c:\users\owen\desktop\assignments y3\advanced technologies\block 2 - swarm ai\directx-swarm-ai\codebase\release\system.obj
c:\users\owen\desktop\assignments y3\advanced technologies\block 2 - swarm ai\directx-swarm-ai\codebase\release\swarm.obj
c:\users\owen\desktop\assignments y3\advanced technologies\block 2 - swarm ai\directx-swarm-ai\codebase\release\shoal.obj
c:\users\owen\desktop\assignments y3\advanced technologies\block 2 - swarm ai\directx-swarm-ai\codebase\release\modelclass.obj
c:\users\owen\desktop\assignments y3\advanced technologies\block 2 - swarm ai\directx-swarm-ai\codebase\release\main.obj
c:\users\owen\desktop\assignments y3\advanced technologies\block 2 - swarm ai\directx-swarm-ai\codebase\release\input.obj
c:\users\owen\desktop\assignments y3\advanced technologies\block 2 - swarm ai\directx-swarm-ai\codebase\release\grid.obj
c:\users\owen\desktop\assignments y3\advanced technologies\block 2 - swarm ai\directx-swarm-ai\codebase\release\graphics.obj
c:\users\owen\desktop\assignments y3\advanced technologies\block 2 - swarm ai\directx-swarm-ai\codebase\release\fish.obj
c:\users\owen\desktop\assignments y3\advanced technologies\block 2 - swarm ai\directx-swarm-ai\codebase\release\d3dclass.obj
c:\users\owen\desktop\assignments y3\advanced technologies\block 2 - swarm ai\directx-swarm-ai\codebase\release\colorshaderclass.obj
c:\users\owen\desktop\assignments y3\advanced technologies\block 2 - swarm ai\directx-swarm-ai\codebase\release\collisiongrid.obj
c:\users\owen\desktop\assignments y3\advanced technologies\block 2 - swarm ai\directx-swarm-ai\codebase\release\camera.obj
c:\users\owen\desktop\assignments y3\advanced technologies\block 2 - swarm ai\directx-swarm-ai\codebase\release\agent.obj
c:\users\owen\desktop\assignments y3\advanced technologies\block 2 - swarm ai\directx-swarm-ai\codebase\release\actor.obj
c:\users\owen\desktop\assignments y3\advanced technologies\block 2 - swarm ai\directx-swarm-ai\release\codebase.ipdb
c:\users\owen\desktop\assignments y3\advanced technologies\block 2 - swarm ai\directx-swarm-ai\release\codebase.iobj
c:\users\owen\desktop\assignments y3\advanced technologies\block 2 - swarm ai\directx-swarm-ai\release\codebase.exe
c:\users\owen\desktop\assignments y3\advanced technologies\block 2 - swarm ai\directx-swarm-ai\release\codebase.pdb
c:\users\owen\desktop\assignments y3\advanced technologies\block 2 - swarm ai\directx-swarm-ai\codebase\release\codebase.tlog\cl.command.1.tlog
c:\users\owen\desktop\assignments y3\advanced technologies\block 2 - swarm ai\directx-swarm-ai\codebase\release\codebase.tlog\cl.read.1.tlog
c:\users\owen\desktop\assignments y3\advanced technologies\block 2 - swarm ai\directx-swarm-ai\codebase\release\codebase.tlog\cl.write.1.tlog
c:\users\owen\desktop\assignments y3\advanced technologies\block 2 - swarm ai\directx-swarm-ai\codebase\release\codebase.tlog\codebase.write.1u.tlog
c:\users\owen\desktop\assignments y3\advanced technologies\block 2 - swarm ai\directx-swarm-ai\codebase\release\codebase.tlog\link.command.1.tlog
c:\users\owen\desktop\assignments y3\advanced technologies\block 2 - swarm ai\directx-swarm-ai\codebase\release\codebase.tlog\link.read.1.tlog
c:\users\owen\desktop\assignments y3\advanced technologies\block 2 - swarm ai\directx-swarm-ai\codebase\release\codebase.tlog\link.write.1.tlog
